<?xml version="1.0" encoding="UTF-8"?>
<!-- Generated by org.testng.reporters.JUnitXMLReporter -->
<testsuite ignored="0" hostname="Acer-Aspire-7" failures="0" tests="2" name="Test" time="76.855" errors="0" timestamp="2026-03-28T16:29:29 IST">
  <testcase classname="genericUtility.BaseClass" name="@BeforeMethod login" time="1.193">
    <failure type="org.openqa.selenium.StaleElementReferenceException" message="stale element reference: stale element not found
  (Session info: chrome=147.0.7727.24)
For documentation on this error, please visit: https://www.selenium.dev/documentation/webdriver/troubleshooting/errors#stale-element-reference-exception
Build info: version: &amp;apos;4.34.0&amp;apos;, revision: &amp;apos;707dcb4246*&amp;apos;
System info: os.name: &amp;apos;Windows 11&amp;apos;, os.arch: &amp;apos;amd64&amp;apos;, os.version: &amp;apos;10.0&amp;apos;, java.version: &amp;apos;21.0.7&amp;apos;
Driver info: org.openqa.selenium.chrome.ChromeDriver
Command: [8a9e7c8b71a6b5b47362589a53801083, clickElement {id=f.56F4EFA9D1E09B5E04708A56A6A65E62.d.D7F14689CD6ADB90D8C18CAEE4A84E5E.e.39}]
Capabilities {acceptInsecureCerts: false, browserName: chrome, browserVersion: 147.0.7727.24, chrome: {chromedriverVersion: 147.0.7727.24 (09d377d9438d..., userDataDir: C:\Users\thaku\AppData\Loca...}, fedcm:accounts: true, goog:chromeOptions: {debuggerAddress: localhost:56623}, goog:processID: 7824, networkConnectionEnabled: false, pageLoadStrategy: normal, platformName: windows, proxy: Proxy(), se:cdp: ws://localhost:56623/devtoo..., se:cdpVersion: 147.0.7727.24, setWindowRect: true, strictFileInteractability: false, timeouts: {implicit: 0, pageLoad: 300000, script: 30000}, unhandledPromptBehavior: dismiss and notify, webauthn:extension:credBlob: true, webauthn:extension:largeBlob: true, webauthn:extension:minPinLength: true, webauthn:extension:prf: true, webauthn:virtualAuthenticators: true}
Element: [[ChromeDriver: chrome on windows (8a9e7c8b71a6b5b47362589a53801083)] -&amp;gt; link text: Log in]
Session ID: 8a9e7c8b71a6b5b47362589a53801083">
      <![CDATA[org.openqa.selenium.StaleElementReferenceException: stale element reference: stale element not found
  (Session info: chrome=147.0.7727.24)
For documentation on this error, please visit: https://www.selenium.dev/documentation/webdriver/troubleshooting/errors#stale-element-reference-exception
Build info: version: '4.34.0', revision: '707dcb4246*'
System info: os.name: 'Windows 11', os.arch: 'amd64', os.version: '10.0', java.version: '21.0.7'
Driver info: org.openqa.selenium.chrome.ChromeDriver
Command: [8a9e7c8b71a6b5b47362589a53801083, clickElement {id=f.56F4EFA9D1E09B5E04708A56A6A65E62.d.D7F14689CD6ADB90D8C18CAEE4A84E5E.e.39}]
Capabilities {acceptInsecureCerts: false, browserName: chrome, browserVersion: 147.0.7727.24, chrome: {chromedriverVersion: 147.0.7727.24 (09d377d9438d..., userDataDir: C:\Users\thaku\AppData\Loca...}, fedcm:accounts: true, goog:chromeOptions: {debuggerAddress: localhost:56623}, goog:processID: 7824, networkConnectionEnabled: false, pageLoadStrategy: normal, platformName: windows, proxy: Proxy(), se:cdp: ws://localhost:56623/devtoo..., se:cdpVersion: 147.0.7727.24, setWindowRect: true, strictFileInteractability: false, timeouts: {implicit: 0, pageLoad: 300000, script: 30000}, unhandledPromptBehavior: dismiss and notify, webauthn:extension:credBlob: true, webauthn:extension:largeBlob: true, webauthn:extension:minPinLength: true, webauthn:extension:prf: true, webauthn:virtualAuthenticators: true}
Element: [[ChromeDriver: chrome on windows (8a9e7c8b71a6b5b47362589a53801083)] -> link text: Log in]
Session ID: 8a9e7c8b71a6b5b47362589a53801083
at org.openqa.selenium.remote.ErrorCodec.decode(ErrorCodec.java:167)
at org.openqa.selenium.remote.codec.w3c.W3CHttpResponseCodec.decode(W3CHttpResponseCodec.java:138)
at org.openqa.selenium.remote.codec.w3c.W3CHttpResponseCodec.decode(W3CHttpResponseCodec.java:50)
at org.openqa.selenium.remote.HttpCommandExecutor.execute(HttpCommandExecutor.java:215)
at org.openqa.selenium.remote.service.DriverCommandExecutor.invokeExecute(DriverCommandExecutor.java:216)
at org.openqa.selenium.remote.service.DriverCommandExecutor.execute(DriverCommandExecutor.java:174)
at org.openqa.selenium.remote.RemoteWebDriver.execute(RemoteWebDriver.java:544)
at org.openqa.selenium.remote.RemoteWebElement.execute(RemoteWebElement.java:223)
at org.openqa.selenium.remote.RemoteWebElement.click(RemoteWebElement.java:76)
at org.openqa.selenium.support.pagefactory.internal.LocatingElementHandler.invoke(LocatingElementHandler.java:51)
at jdk.proxy2/jdk.proxy2.$Proxy14.click(Unknown Source)
at genericUtility.BaseClass.login(BaseClass.java:36)
at java.base/java.util.concurrent.Executors$RunnableAdapter.call(Executors.java:572)
at java.base/java.util.concurrent.FutureTask.run(FutureTask.java:317)
at java.base/java.util.concurrent.ThreadPoolExecutor.runWorker(ThreadPoolExecutor.java:1144)
at java.base/java.util.concurrent.ThreadPoolExecutor$Worker.run(ThreadPoolExecutor.java:642)
at java.base/java.lang.Thread.run(Thread.java:1583)
... Removed 20 stack frames]]>
    </failure>
  </testcase> <!-- @BeforeMethod login -->
  <testcase classname="genericUtility.BaseClass" name="@AfterMethod logout" time="0.0">
    <skipped/>
  </testcase> <!-- @AfterMethod logout -->
  <testcase classname="genericUtility.BaseClass" name="@AfterClass closeBrowser" time="0.0">
    <skipped/>
  </testcase> <!-- @AfterClass closeBrowser -->
  <testcase classname="Module1.TC01Test" name="verifyDesktopinCart" time="0.0">
    <skipped/>
  </testcase> <!-- verifyDesktopinCart -->
  <testcase classname="Module1.TC02Test" name="verifyVariousCategoriesIteminCartandCheckout" time="39.426"/>
</testsuite> <!-- Test -->
